d:\user\documents\visual studio 2017\projects\chatserver\chatserver\debug\vc141.pdb
d:\user\documents\visual studio 2017\projects\chatserver\chatserver\debug\vc141.idb
d:\user\documents\visual studio 2017\projects\chatserver\chatserver\debug\main.obj
d:\user\documents\visual studio 2017\projects\chatserver\chatserver\debug\funcs.obj
d:\user\documents\visual studio 2017\projects\chatserver\chatserver\debug\room.obj
d:\user\documents\visual studio 2017\projects\chatserver\chatserver\debug\roomfuncs.obj
d:\user\documents\github\chat\chatserver\chatserver\debug\vc141.pdb
d:\user\documents\github\chat\chatserver\chatserver\debug\vc141.idb
d:\user\documents\github\chat\chatserver\chatserver\debug\funcs.obj
d:\user\documents\github\chat\chatserver\chatserver\debug\main.obj
d:\user\documents\github\chat\chatserver\chatserver\debug\room.obj
d:\user\documents\github\chat\chatserver\chatserver\debug\roomfuncs.obj
d:\user\documents\github\chat\chatserver\chatserver\debug\commands.obj
d:\user\documents\visual studio 2017\projects\chatserver\debug\chatserver.exe
d:\user\documents\visual studio 2017\projects\chatserver\debug\chatserver.ilk
d:\user\documents\visual studio 2017\projects\chatserver\debug\chatserver.pdb
d:\user\documents\github\chat\chatserver\debug\chatserver.exe
d:\user\documents\github\chat\chatserver\debug\chatserver.ilk
d:\user\documents\github\chat\chatserver\debug\chatserver.pdb
d:\user\documents\github\chat\chatserver\chatserver\debug\chatserver.tlog\cl.command.1.tlog
d:\user\documents\github\chat\chatserver\chatserver\debug\chatserver.tlog\cl.read.1.tlog
d:\user\documents\github\chat\chatserver\chatserver\debug\chatserver.tlog\cl.write.1.tlog
d:\user\documents\github\chat\chatserver\chatserver\debug\chatserver.tlog\link.command.1.tlog
d:\user\documents\github\chat\chatserver\chatserver\debug\chatserver.tlog\link.read.1.tlog
d:\user\documents\github\chat\chatserver\chatserver\debug\chatserver.tlog\link.write.1.tlog
